<?xml version="1.0" encoding="UTF-8"?>
<testsuite name="com.stutdy.book.dto.HelloWorldResponseDtoTest" tests="1" skipped="0" failures="0" errors="0" timestamp="2021-07-27T16:36:37" hostname="DESKTOP-GPJL5FN" time="0.037">
  <properties/>
  <testcase name="lombokTest" classname="com.stutdy.book.dto.HelloWorldResponseDtoTest" time="0.037"/>
  <system-out><![CDATA[]]></system-out>
  <system-err><![CDATA[]]></system-err>
</testsuite>
